{"/home/ademola/workspace/react-rough/src/index.js": {"path":"/home/ademola/workspace/react-rough/src/index.js","statementMap":{"0":{"start":{"line":5,"column":21},"end":{"line":5,"column":42}},"1":{"start":{"line":6,"column":18},"end":{"line":6,"column":35}},"2":{"start":{"line":8,"column":23},"end":{"line":20,"column":1}},"3":{"start":{"line":22,"column":29},"end":{"line":47,"column":1}},"4":{"start":{"line":23,"column":1},"end":{"line":46,"column":25}},"5":{"start":{"line":25,"column":3},"end":{"line":27,"column":4}},"6":{"start":{"line":26,"column":4},"end":{"line":26,"column":55}},"7":{"start":{"line":29,"column":21},"end":{"line":29,"column":38}},"8":{"start":{"line":31,"column":3},"end":{"line":37,"column":4}},"9":{"start":{"line":32,"column":4},"end":{"line":36,"column":5}},"10":{"start":{"line":33,"column":5},"end":{"line":35,"column":7}},"11":{"start":{"line":39,"column":3},"end":{"line":42,"column":4}},"12":{"start":{"line":40,"column":4},"end":{"line":40,"column":43}},"13":{"start":{"line":41,"column":4},"end":{"line":41,"column":16}},"14":{"start":{"line":44,"column":3},"end":{"line":44,"column":15}},"15":{"start":{"line":51,"column":2},"end":{"line":51,"column":49}},"16":{"start":{"line":55,"column":2},"end":{"line":55,"column":52}},"17":{"start":{"line":59,"column":2},"end":{"line":59,"column":51}},"18":{"start":{"line":63,"column":2},"end":{"line":63,"column":53}},"19":{"start":{"line":67,"column":2},"end":{"line":67,"column":50}},"20":{"start":{"line":71,"column":2},"end":{"line":71,"column":50}},"21":{"start":{"line":75,"column":2},"end":{"line":75,"column":53}},"22":{"start":{"line":79,"column":2},"end":{"line":79,"column":55}},"23":{"start":{"line":87,"column":2},"end":{"line":89,"column":3}},"24":{"start":{"line":88,"column":3},"end":{"line":88,"column":16}},"25":{"start":{"line":91,"column":2},"end":{"line":91,"column":14}},"26":{"start":{"line":95,"column":13},"end":{"line":95,"column":44}},"27":{"start":{"line":96,"column":2},"end":{"line":96,"column":15}},"28":{"start":{"line":98,"column":2},"end":{"line":100,"column":3}},"29":{"start":{"line":99,"column":3},"end":{"line":99,"column":36}},"30":{"start":{"line":104,"column":28},"end":{"line":104,"column":38}},"31":{"start":{"line":106,"column":2},"end":{"line":112,"column":4}},"32":{"start":{"line":116,"column":0},"end":{"line":119,"column":2}},"33":{"start":{"line":121,"column":0},"end":{"line":133,"column":2}}},"fnMap":{"0":{"name":"(anonymous_0)","decl":{"start":{"line":22,"column":29},"end":{"line":22,"column":30}},"loc":{"start":{"line":23,"column":1},"end":{"line":46,"column":25}},"line":23},"1":{"name":"(anonymous_1)","decl":{"start":{"line":24,"column":3},"end":{"line":24,"column":4}},"loc":{"start":{"line":24,"column":19},"end":{"line":45,"column":3}},"line":24},"2":{"name":"(anonymous_2)","decl":{"start":{"line":50,"column":14},"end":{"line":50,"column":15}},"loc":{"start":{"line":50,"column":23},"end":{"line":52,"column":2}},"line":50},"3":{"name":"(anonymous_3)","decl":{"start":{"line":54,"column":17},"end":{"line":54,"column":18}},"loc":{"start":{"line":54,"column":26},"end":{"line":56,"column":2}},"line":54},"4":{"name":"(anonymous_4)","decl":{"start":{"line":58,"column":16},"end":{"line":58,"column":17}},"loc":{"start":{"line":58,"column":25},"end":{"line":60,"column":2}},"line":58},"5":{"name":"(anonymous_5)","decl":{"start":{"line":62,"column":18},"end":{"line":62,"column":19}},"loc":{"start":{"line":62,"column":27},"end":{"line":64,"column":2}},"line":62},"6":{"name":"(anonymous_6)","decl":{"start":{"line":66,"column":15},"end":{"line":66,"column":16}},"loc":{"start":{"line":66,"column":24},"end":{"line":68,"column":2}},"line":66},"7":{"name":"(anonymous_7)","decl":{"start":{"line":70,"column":15},"end":{"line":70,"column":16}},"loc":{"start":{"line":70,"column":24},"end":{"line":72,"column":2}},"line":70},"8":{"name":"(anonymous_8)","decl":{"start":{"line":74,"column":18},"end":{"line":74,"column":19}},"loc":{"start":{"line":74,"column":27},"end":{"line":76,"column":2}},"line":74},"9":{"name":"(anonymous_9)","decl":{"start":{"line":78,"column":20},"end":{"line":78,"column":21}},"loc":{"start":{"line":78,"column":29},"end":{"line":80,"column":2}},"line":78},"10":{"name":"(anonymous_10)","decl":{"start":{"line":86,"column":1},"end":{"line":86,"column":2}},"loc":{"start":{"line":86,"column":45},"end":{"line":92,"column":2}},"line":86},"11":{"name":"(anonymous_11)","decl":{"start":{"line":94,"column":1},"end":{"line":94,"column":2}},"loc":{"start":{"line":94,"column":21},"end":{"line":101,"column":2}},"line":94},"12":{"name":"(anonymous_12)","decl":{"start":{"line":103,"column":1},"end":{"line":103,"column":2}},"loc":{"start":{"line":103,"column":10},"end":{"line":113,"column":2}},"line":103}},"branchMap":{"0":{"loc":{"start":{"line":25,"column":3},"end":{"line":27,"column":4}},"type":"if","locations":[{"start":{"line":25,"column":3},"end":{"line":27,"column":4}},{"start":{"line":25,"column":3},"end":{"line":27,"column":4}}],"line":25},"1":{"loc":{"start":{"line":32,"column":4},"end":{"line":36,"column":5}},"type":"if","locations":[{"start":{"line":32,"column":4},"end":{"line":36,"column":5}},{"start":{"line":32,"column":4},"end":{"line":36,"column":5}}],"line":32},"2":{"loc":{"start":{"line":39,"column":3},"end":{"line":42,"column":4}},"type":"if","locations":[{"start":{"line":39,"column":3},"end":{"line":42,"column":4}},{"start":{"line":39,"column":3},"end":{"line":42,"column":4}}],"line":39},"3":{"loc":{"start":{"line":87,"column":2},"end":{"line":89,"column":3}},"type":"if","locations":[{"start":{"line":87,"column":2},"end":{"line":89,"column":3}},{"start":{"line":87,"column":2},"end":{"line":89,"column":3}}],"line":87},"4":{"loc":{"start":{"line":98,"column":2},"end":{"line":100,"column":3}},"type":"if","locations":[{"start":{"line":98,"column":2},"end":{"line":100,"column":3}},{"start":{"line":98,"column":2},"end":{"line":100,"column":3}}],"line":98}},"s":{"0":1,"1":1,"2":1,"3":1,"4":5,"5":9,"6":0,"7":9,"8":9,"9":12,"10":0,"11":9,"12":4,"13":4,"14":5,"15":1,"16":2,"17":0,"18":1,"19":1,"20":0,"21":0,"22":0,"23":4,"24":0,"25":4,"26":4,"27":4,"28":4,"29":4,"30":10,"31":10,"32":1,"33":1},"f":{"0":5,"1":9,"2":1,"3":2,"4":0,"5":1,"6":1,"7":0,"8":0,"9":0,"10":4,"11":4,"12":10},"b":{"0":[0,9],"1":[0,12],"2":[4,5],"3":[0,4],"4":[4,0]},"_coverageSchema":"43e27e138ebf9cfc5966b082cf9a028302ed4184","hash":"cd840d4492e39099cfaad8ba6c161e2e4785331f"}
}
