TN:
SF:/home/ademola/workspace/react-rough/src/index.js
FN:22,(anonymous_0)
FN:24,(anonymous_1)
FN:50,(anonymous_2)
FN:54,(anonymous_3)
FN:58,(anonymous_4)
FN:62,(anonymous_5)
FN:66,(anonymous_6)
FN:70,(anonymous_7)
FN:74,(anonymous_8)
FN:78,(anonymous_9)
FN:86,(anonymous_10)
FN:94,(anonymous_11)
FN:103,(anonymous_12)
FNF:13
FNH:9
FNDA:5,(anonymous_0)
FNDA:9,(anonymous_1)
FNDA:1,(anonymous_2)
FNDA:2,(anonymous_3)
FNDA:0,(anonymous_4)
FNDA:1,(anonymous_5)
FNDA:1,(anonymous_6)
FNDA:0,(anonymous_7)
FNDA:0,(anonymous_8)
FNDA:0,(anonymous_9)
FNDA:4,(anonymous_10)
FNDA:4,(anonymous_11)
FNDA:10,(anonymous_12)
DA:5,1
DA:6,1
DA:8,1
DA:22,1
DA:23,5
DA:25,9
DA:26,0
DA:29,9
DA:31,9
DA:32,12
DA:33,0
DA:39,9
DA:40,4
DA:41,4
DA:44,5
DA:51,1
DA:55,2
DA:59,0
DA:63,1
DA:67,1
DA:71,0
DA:75,0
DA:79,0
DA:87,4
DA:88,0
DA:91,4
DA:95,4
DA:96,4
DA:98,4
DA:99,4
DA:104,10
DA:106,10
DA:116,1
DA:121,1
LF:34
LH:27
BRDA:25,0,0,0
BRDA:25,0,1,9
BRDA:32,1,0,0
BRDA:32,1,1,12
BRDA:39,2,0,4
BRDA:39,2,1,5
BRDA:87,3,0,0
BRDA:87,3,1,4
BRDA:98,4,0,4
BRDA:98,4,1,0
BRF:10
BRH:6
end_of_record
